<?xml version="1.0" encoding="UTF-8"?>
<!-- Generated by org.testng.reporters.JUnitReportReporter -->
<testsuite skipped="0" hostname="MERIN" name="com.test.Grouping" tests="4" failures="0" timestamp="07 Sep 2022 07:21:07 GMT" time="0.016" errors="0">
  <testcase name="tc1" time="0.016" classname="com.test.Grouping"/>
  <testcase name="tc2" time="0.000" classname="com.test.Grouping"/>
  <testcase name="tc5" time="0.000" classname="com.test.Grouping"/>
  <testcase name="tc4" time="0.000" classname="com.test.Grouping"/>
</testsuite> <!-- com.test.Grouping -->
